<?xml version="1.0" encoding="UTF-8"?>
<testsuite xmlns:xsi="http://www.w3.org/2001/XMLSchema-instance" xsi:noNamespaceSchemaLocation="https://maven.apache.org/surefire/maven-surefire-plugin/xsd/surefire-test-report-3.0.xsd" version="3.0" name="com.mohanit.ApplicationTests" time="12.342" tests="1" errors="0" skipped="0" failures="0">
  <properties>
    <property name="java.specification.version" value="17"/>
    <property name="sun.jnu.encoding" value="UTF-8"/>
    <property name="java.class.path" value="/home/ec2-user/02-MINI-PROJECT/target/test-classes:/home/ec2-user/02-MINI-PROJECT/target/classes:/home/ec2-user/.m2/repository/javax/servlet/javax.servlet-api/4.0.1/javax.servlet-api-4.0.1.jar:/home/ec2-user/.m2/repository/org/springdoc/springdoc-openapi-starter-webmvc-ui/2.0.4/springdoc-openapi-starter-webmvc-ui-2.0.4.jar:/home/ec2-user/.m2/repository/org/springdoc/springdoc-openapi-starter-webmvc-api/2.0.4/springdoc-openapi-starter-webmvc-api-2.0.4.jar:/home/ec2-user/.m2/repository/org/springdoc/springdoc-openapi-starter-common/2.0.4/springdoc-openapi-starter-common-2.0.4.jar:/home/ec2-user/.m2/repository/io/swagger/core/v3/swagger-core-jakarta/2.2.8/swagger-core-jakarta-2.2.8.jar:/home/ec2-user/.m2/repository/org/apache/commons/commons-lang3/3.12.0/commons-lang3-3.12.0.jar:/home/ec2-user/.m2/repository/io/swagger/core/v3/swagger-annotations-jakarta/2.2.8/swagger-annotations-jakarta-2.2.8.jar:/home/ec2-user/.m2/repository/io/swagger/core/v3/swagger-models-jakarta/2.2.8/swagger-models-jakarta-2.2.8.jar:/home/ec2-user/.m2/repository/jakarta/validation/jakarta.validation-api/3.0.2/jakarta.validation-api-3.0.2.jar:/home/ec2-user/.m2/repository/com/fasterxml/jackson/dataformat/jackson-dataformat-yaml/2.15.3/jackson-dataformat-yaml-2.15.3.jar:/home/ec2-user/.m2/repository/org/webjars/swagger-ui/4.18.1/swagger-ui-4.18.1.jar:/home/ec2-user/.m2/repository/org/webjars/webjars-locator-core/0.52/webjars-locator-core-0.52.jar:/home/ec2-user/.m2/repository/org/slf4j/slf4j-api/2.0.9/slf4j-api-2.0.9.jar:/home/ec2-user/.m2/repository/io/github/classgraph/classgraph/4.8.149/classgraph-4.8.149.jar:/home/ec2-user/.m2/repository/com/github/librepdf/openpdf/1.3.26/openpdf-1.3.26.jar:/home/ec2-user/.m2/repository/com/google/code/findbugs/jsr305/3.0.2/jsr305-3.0.2.jar:/home/ec2-user/.m2/repository/org/apache/poi/poi/3.17/poi-3.17.jar:/home/ec2-user/.m2/repository/commons-codec/commons-codec/1.15/commons-codec-1.15.jar:/home/ec2-user/.m2/repository/org/apache/commons/commons-collections4/4.1/commons-collections4-4.1.jar:/home/ec2-user/.m2/repository/org/springframework/boot/spring-boot-starter-data-jpa/3.1.6/spring-boot-starter-data-jpa-3.1.6.jar:/home/ec2-user/.m2/repository/org/springframework/boot/spring-boot-starter-aop/3.1.6/spring-boot-starter-aop-3.1.6.jar:/home/ec2-user/.m2/repository/org/springframework/spring-aop/6.0.14/spring-aop-6.0.14.jar:/home/ec2-user/.m2/repository/org/aspectj/aspectjweaver/1.9.20.1/aspectjweaver-1.9.20.1.jar:/home/ec2-user/.m2/repository/org/springframework/boot/spring-boot-starter-jdbc/3.1.6/spring-boot-starter-jdbc-3.1.6.jar:/home/ec2-user/.m2/repository/com/zaxxer/HikariCP/5.0.1/HikariCP-5.0.1.jar:/home/ec2-user/.m2/repository/org/springframework/spring-jdbc/6.0.14/spring-jdbc-6.0.14.jar:/home/ec2-user/.m2/repository/org/hibernate/orm/hibernate-core/6.2.13.Final/hibernate-core-6.2.13.Final.jar:/home/ec2-user/.m2/repository/jakarta/persistence/jakarta.persistence-api/3.1.0/jakarta.persistence-api-3.1.0.jar:/home/ec2-user/.m2/repository/jakarta/transaction/jakarta.transaction-api/2.0.1/jakarta.transaction-api-2.0.1.jar:/home/ec2-user/.m2/repository/org/jboss/logging/jboss-logging/3.5.3.Final/jboss-logging-3.5.3.Final.jar:/home/ec2-user/.m2/repository/org/hibernate/common/hibernate-commons-annotations/6.0.6.Final/hibernate-commons-annotations-6.0.6.Final.jar:/home/ec2-user/.m2/repository/io/smallrye/jandex/3.0.5/jandex-3.0.5.jar:/home/ec2-user/.m2/repository/com/fasterxml/classmate/1.5.1/classmate-1.5.1.jar:/home/ec2-user/.m2/repository/net/bytebuddy/byte-buddy/1.14.10/byte-buddy-1.14.10.jar:/home/ec2-user/.m2/repository/org/glassfish/jaxb/jaxb-runtime/4.0.4/jaxb-runtime-4.0.4.jar:/home/ec2-user/.m2/repository/org/glassfish/jaxb/jaxb-core/4.0.4/jaxb-core-4.0.4.jar:/home/ec2-user/.m2/repository/org/eclipse/angus/angus-activation/2.0.1/angus-activation-2.0.1.jar:/home/ec2-user/.m2/repository/org/glassfish/jaxb/txw2/4.0.4/txw2-4.0.4.jar:/home/ec2-user/.m2/repository/com/sun/istack/istack-commons-runtime/4.1.2/istack-commons-runtime-4.1.2.jar:/home/ec2-user/.m2/repository/jakarta/inject/jakarta.inject-api/2.0.1/jakarta.inject-api-2.0.1.jar:/home/ec2-user/.m2/repository/org/antlr/antlr4-runtime/4.10.1/antlr4-runtime-4.10.1.jar:/home/ec2-user/.m2/repository/org/springframework/data/spring-data-jpa/3.1.6/spring-data-jpa-3.1.6.jar:/home/ec2-user/.m2/repository/org/springframework/data/spring-data-commons/3.1.6/spring-data-commons-3.1.6.jar:/home/ec2-user/.m2/repository/org/springframework/spring-orm/6.0.14/spring-orm-6.0.14.jar:/home/ec2-user/.m2/repository/org/springframework/spring-context/6.0.14/spring-context-6.0.14.jar:/home/ec2-user/.m2/repository/org/springframework/spring-tx/6.0.14/spring-tx-6.0.14.jar:/home/ec2-user/.m2/repository/org/springframework/spring-beans/6.0.14/spring-beans-6.0.14.jar:/home/ec2-user/.m2/repository/jakarta/annotation/jakarta.annotation-api/2.1.1/jakarta.annotation-api-2.1.1.jar:/home/ec2-user/.m2/repository/org/springframework/spring-aspects/6.0.14/spring-aspects-6.0.14.jar:/home/ec2-user/.m2/repository/org/springframework/boot/spring-boot-starter-web/3.1.6/spring-boot-starter-web-3.1.6.jar:/home/ec2-user/.m2/repository/org/springframework/boot/spring-boot-starter/3.1.6/spring-boot-starter-3.1.6.jar:/home/ec2-user/.m2/repository/org/springframework/boot/spring-boot-starter-logging/3.1.6/spring-boot-starter-logging-3.1.6.jar:/home/ec2-user/.m2/repository/ch/qos/logback/logback-classic/1.4.11/logback-classic-1.4.11.jar:/home/ec2-user/.m2/repository/ch/qos/logback/logback-core/1.4.11/logback-core-1.4.11.jar:/home/ec2-user/.m2/repository/org/apache/logging/log4j/log4j-to-slf4j/2.20.0/log4j-to-slf4j-2.20.0.jar:/home/ec2-user/.m2/repository/org/apache/logging/log4j/log4j-api/2.20.0/log4j-api-2.20.0.jar:/home/ec2-user/.m2/repository/org/slf4j/jul-to-slf4j/2.0.9/jul-to-slf4j-2.0.9.jar:/home/ec2-user/.m2/repository/org/yaml/snakeyaml/1.33/snakeyaml-1.33.jar:/home/ec2-user/.m2/repository/org/springframework/boot/spring-boot-starter-json/3.1.6/spring-boot-starter-json-3.1.6.jar:/home/ec2-user/.m2/repository/com/fasterxml/jackson/core/jackson-databind/2.15.3/jackson-databind-2.15.3.jar:/home/ec2-user/.m2/repository/com/fasterxml/jackson/core/jackson-annotations/2.15.3/jackson-annotations-2.15.3.jar:/home/ec2-user/.m2/repository/com/fasterxml/jackson/core/jackson-core/2.15.3/jackson-core-2.15.3.jar:/home/ec2-user/.m2/repository/com/fasterxml/jackson/datatype/jackson-datatype-jdk8/2.15.3/jackson-datatype-jdk8-2.15.3.jar:/home/ec2-user/.m2/repository/com/fasterxml/jackson/datatype/jackson-datatype-jsr310/2.15.3/jackson-datatype-jsr310-2.15.3.jar:/home/ec2-user/.m2/repository/com/fasterxml/jackson/module/jackson-module-parameter-names/2.15.3/jackson-module-parameter-names-2.15.3.jar:/home/ec2-user/.m2/repository/org/springframework/boot/spring-boot-starter-tomcat/3.1.6/spring-boot-starter-tomcat-3.1.6.jar:/home/ec2-user/.m2/repository/org/apache/tomcat/embed/tomcat-embed-core/10.1.16/tomcat-embed-core-10.1.16.jar:/home/ec2-user/.m2/repository/org/apache/tomcat/embed/tomcat-embed-el/10.1.16/tomcat-embed-el-10.1.16.jar:/home/ec2-user/.m2/repository/org/apache/tomcat/embed/tomcat-embed-websocket/10.1.16/tomcat-embed-websocket-10.1.16.jar:/home/ec2-user/.m2/repository/org/springframework/spring-web/6.0.14/spring-web-6.0.14.jar:/home/ec2-user/.m2/repository/io/micrometer/micrometer-observation/1.11.6/micrometer-observation-1.11.6.jar:/home/ec2-user/.m2/repository/io/micrometer/micrometer-commons/1.11.6/micrometer-commons-1.11.6.jar:/home/ec2-user/.m2/repository/org/springframework/spring-webmvc/6.0.14/spring-webmvc-6.0.14.jar:/home/ec2-user/.m2/repository/org/springframework/spring-expression/6.0.14/spring-expression-6.0.14.jar:/home/ec2-user/.m2/repository/org/springframework/boot/spring-boot-devtools/3.1.6/spring-boot-devtools-3.1.6.jar:/home/ec2-user/.m2/repository/org/springframework/boot/spring-boot/3.1.6/spring-boot-3.1.6.jar:/home/ec2-user/.m2/repository/org/springframework/boot/spring-boot-autoconfigure/3.1.6/spring-boot-autoconfigure-3.1.6.jar:/home/ec2-user/.m2/repository/mysql/mysql-connector-java/8.0.23/mysql-connector-java-8.0.23.jar:/home/ec2-user/.m2/repository/com/google/protobuf/protobuf-java/3.11.4/protobuf-java-3.11.4.jar:/home/ec2-user/.m2/repository/org/projectlombok/lombok/1.18.30/lombok-1.18.30.jar:/home/ec2-user/.m2/repository/org/springframework/boot/spring-boot-starter-test/3.1.6/spring-boot-starter-test-3.1.6.jar:/home/ec2-user/.m2/repository/org/springframework/boot/spring-boot-test/3.1.6/spring-boot-test-3.1.6.jar:/home/ec2-user/.m2/repository/org/springframework/boot/spring-boot-test-autoconfigure/3.1.6/spring-boot-test-autoconfigure-3.1.6.jar:/home/ec2-user/.m2/repository/com/jayway/jsonpath/json-path/2.8.0/json-path-2.8.0.jar:/home/ec2-user/.m2/repository/jakarta/xml/bind/jakarta.xml.bind-api/4.0.1/jakarta.xml.bind-api-4.0.1.jar:/home/ec2-user/.m2/repository/jakarta/activation/jakarta.activation-api/2.1.2/jakarta.activation-api-2.1.2.jar:/home/ec2-user/.m2/repository/net/minidev/json-smart/2.4.11/json-smart-2.4.11.jar:/home/ec2-user/.m2/repository/net/minidev/accessors-smart/2.4.11/accessors-smart-2.4.11.jar:/home/ec2-user/.m2/repository/org/ow2/asm/asm/9.3/asm-9.3.jar:/home/ec2-user/.m2/repository/org/assertj/assertj-core/3.24.2/assertj-core-3.24.2.jar:/home/ec2-user/.m2/repository/org/hamcrest/hamcrest/2.2/hamcrest-2.2.jar:/home/ec2-user/.m2/repository/org/junit/jupiter/junit-jupiter/5.9.3/junit-jupiter-5.9.3.jar:/home/ec2-user/.m2/repository/org/junit/jupiter/junit-jupiter-api/5.9.3/junit-jupiter-api-5.9.3.jar:/home/ec2-user/.m2/repository/org/opentest4j/opentest4j/1.2.0/opentest4j-1.2.0.jar:/home/ec2-user/.m2/repository/org/junit/platform/junit-platform-commons/1.9.3/junit-platform-commons-1.9.3.jar:/home/ec2-user/.m2/repository/org/apiguardian/apiguardian-api/1.1.2/apiguardian-api-1.1.2.jar:/home/ec2-user/.m2/repository/org/junit/jupiter/junit-jupiter-params/5.9.3/junit-jupiter-params-5.9.3.jar:/home/ec2-user/.m2/repository/org/junit/jupiter/junit-jupiter-engine/5.9.3/junit-jupiter-engine-5.9.3.jar:/home/ec2-user/.m2/repository/org/junit/platform/junit-platform-engine/1.9.3/junit-platform-engine-1.9.3.jar:/home/ec2-user/.m2/repository/org/mockito/mockito-core/5.3.1/mockito-core-5.3.1.jar:/home/ec2-user/.m2/repository/net/bytebuddy/byte-buddy-agent/1.14.10/byte-buddy-agent-1.14.10.jar:/home/ec2-user/.m2/repository/org/objenesis/objenesis/3.3/objenesis-3.3.jar:/home/ec2-user/.m2/repository/org/mockito/mockito-junit-jupiter/5.3.1/mockito-junit-jupiter-5.3.1.jar:/home/ec2-user/.m2/repository/org/skyscreamer/jsonassert/1.5.1/jsonassert-1.5.1.jar:/home/ec2-user/.m2/repository/com/vaadin/external/google/android-json/0.0.20131108.vaadin1/android-json-0.0.20131108.vaadin1.jar:/home/ec2-user/.m2/repository/org/springframework/spring-core/6.0.14/spring-core-6.0.14.jar:/home/ec2-user/.m2/repository/org/springframework/spring-jcl/6.0.14/spring-jcl-6.0.14.jar:/home/ec2-user/.m2/repository/org/springframework/spring-test/6.0.14/spring-test-6.0.14.jar:/home/ec2-user/.m2/repository/org/xmlunit/xmlunit-core/2.9.1/xmlunit-core-2.9.1.jar:"/>
    <property name="java.vm.vendor" value="Amazon.com Inc."/>
    <property name="sun.arch.data.model" value="64"/>
    <property name="java.vendor.url" value="https://aws.amazon.com/corretto/"/>
    <property name="user.timezone" value="UTC"/>
    <property name="org.jboss.logging.provider" value="slf4j"/>
    <property name="os.name" value="Linux"/>
    <property name="java.vm.specification.version" value="17"/>
    <property name="sun.java.launcher" value="SUN_STANDARD"/>
    <property name="sun.boot.library.path" value="/usr/lib/jvm/java-17-amazon-corretto.x86_64/lib"/>
    <property name="sun.java.command" value="/home/ec2-user/02-MINI-PROJECT/target/surefire/surefirebooter-20240221062416209_3.jar /home/ec2-user/02-MINI-PROJECT/target/surefire 2024-02-21T06-24-16_093-jvmRun1 surefire-20240221062416209_1tmp surefire_0-20240221062416209_2tmp"/>
    <property name="jdk.debug" value="release"/>
    <property name="surefire.test.class.path" value="/home/ec2-user/02-MINI-PROJECT/target/test-classes:/home/ec2-user/02-MINI-PROJECT/target/classes:/home/ec2-user/.m2/repository/javax/servlet/javax.servlet-api/4.0.1/javax.servlet-api-4.0.1.jar:/home/ec2-user/.m2/repository/org/springdoc/springdoc-openapi-starter-webmvc-ui/2.0.4/springdoc-openapi-starter-webmvc-ui-2.0.4.jar:/home/ec2-user/.m2/repository/org/springdoc/springdoc-openapi-starter-webmvc-api/2.0.4/springdoc-openapi-starter-webmvc-api-2.0.4.jar:/home/ec2-user/.m2/repository/org/springdoc/springdoc-openapi-starter-common/2.0.4/springdoc-openapi-starter-common-2.0.4.jar:/home/ec2-user/.m2/repository/io/swagger/core/v3/swagger-core-jakarta/2.2.8/swagger-core-jakarta-2.2.8.jar:/home/ec2-user/.m2/repository/org/apache/commons/commons-lang3/3.12.0/commons-lang3-3.12.0.jar:/home/ec2-user/.m2/repository/io/swagger/core/v3/swagger-annotations-jakarta/2.2.8/swagger-annotations-jakarta-2.2.8.jar:/home/ec2-user/.m2/repository/io/swagger/core/v3/swagger-models-jakarta/2.2.8/swagger-models-jakarta-2.2.8.jar:/home/ec2-user/.m2/repository/jakarta/validation/jakarta.validation-api/3.0.2/jakarta.validation-api-3.0.2.jar:/home/ec2-user/.m2/repository/com/fasterxml/jackson/dataformat/jackson-dataformat-yaml/2.15.3/jackson-dataformat-yaml-2.15.3.jar:/home/ec2-user/.m2/repository/org/webjars/swagger-ui/4.18.1/swagger-ui-4.18.1.jar:/home/ec2-user/.m2/repository/org/webjars/webjars-locator-core/0.52/webjars-locator-core-0.52.jar:/home/ec2-user/.m2/repository/org/slf4j/slf4j-api/2.0.9/slf4j-api-2.0.9.jar:/home/ec2-user/.m2/repository/io/github/classgraph/classgraph/4.8.149/classgraph-4.8.149.jar:/home/ec2-user/.m2/repository/com/github/librepdf/openpdf/1.3.26/openpdf-1.3.26.jar:/home/ec2-user/.m2/repository/com/google/code/findbugs/jsr305/3.0.2/jsr305-3.0.2.jar:/home/ec2-user/.m2/repository/org/apache/poi/poi/3.17/poi-3.17.jar:/home/ec2-user/.m2/repository/commons-codec/commons-codec/1.15/commons-codec-1.15.jar:/home/ec2-user/.m2/repository/org/apache/commons/commons-collections4/4.1/commons-collections4-4.1.jar:/home/ec2-user/.m2/repository/org/springframework/boot/spring-boot-starter-data-jpa/3.1.6/spring-boot-starter-data-jpa-3.1.6.jar:/home/ec2-user/.m2/repository/org/springframework/boot/spring-boot-starter-aop/3.1.6/spring-boot-starter-aop-3.1.6.jar:/home/ec2-user/.m2/repository/org/springframework/spring-aop/6.0.14/spring-aop-6.0.14.jar:/home/ec2-user/.m2/repository/org/aspectj/aspectjweaver/1.9.20.1/aspectjweaver-1.9.20.1.jar:/home/ec2-user/.m2/repository/org/springframework/boot/spring-boot-starter-jdbc/3.1.6/spring-boot-starter-jdbc-3.1.6.jar:/home/ec2-user/.m2/repository/com/zaxxer/HikariCP/5.0.1/HikariCP-5.0.1.jar:/home/ec2-user/.m2/repository/org/springframework/spring-jdbc/6.0.14/spring-jdbc-6.0.14.jar:/home/ec2-user/.m2/repository/org/hibernate/orm/hibernate-core/6.2.13.Final/hibernate-core-6.2.13.Final.jar:/home/ec2-user/.m2/repository/jakarta/persistence/jakarta.persistence-api/3.1.0/jakarta.persistence-api-3.1.0.jar:/home/ec2-user/.m2/repository/jakarta/transaction/jakarta.transaction-api/2.0.1/jakarta.transaction-api-2.0.1.jar:/home/ec2-user/.m2/repository/org/jboss/logging/jboss-logging/3.5.3.Final/jboss-logging-3.5.3.Final.jar:/home/ec2-user/.m2/repository/org/hibernate/common/hibernate-commons-annotations/6.0.6.Final/hibernate-commons-annotations-6.0.6.Final.jar:/home/ec2-user/.m2/repository/io/smallrye/jandex/3.0.5/jandex-3.0.5.jar:/home/ec2-user/.m2/repository/com/fasterxml/classmate/1.5.1/classmate-1.5.1.jar:/home/ec2-user/.m2/repository/net/bytebuddy/byte-buddy/1.14.10/byte-buddy-1.14.10.jar:/home/ec2-user/.m2/repository/org/glassfish/jaxb/jaxb-runtime/4.0.4/jaxb-runtime-4.0.4.jar:/home/ec2-user/.m2/repository/org/glassfish/jaxb/jaxb-core/4.0.4/jaxb-core-4.0.4.jar:/home/ec2-user/.m2/repository/org/eclipse/angus/angus-activation/2.0.1/angus-activation-2.0.1.jar:/home/ec2-user/.m2/repository/org/glassfish/jaxb/txw2/4.0.4/txw2-4.0.4.jar:/home/ec2-user/.m2/repository/com/sun/istack/istack-commons-runtime/4.1.2/istack-commons-runtime-4.1.2.jar:/home/ec2-user/.m2/repository/jakarta/inject/jakarta.inject-api/2.0.1/jakarta.inject-api-2.0.1.jar:/home/ec2-user/.m2/repository/org/antlr/antlr4-runtime/4.10.1/antlr4-runtime-4.10.1.jar:/home/ec2-user/.m2/repository/org/springframework/data/spring-data-jpa/3.1.6/spring-data-jpa-3.1.6.jar:/home/ec2-user/.m2/repository/org/springframework/data/spring-data-commons/3.1.6/spring-data-commons-3.1.6.jar:/home/ec2-user/.m2/repository/org/springframework/spring-orm/6.0.14/spring-orm-6.0.14.jar:/home/ec2-user/.m2/repository/org/springframework/spring-context/6.0.14/spring-context-6.0.14.jar:/home/ec2-user/.m2/repository/org/springframework/spring-tx/6.0.14/spring-tx-6.0.14.jar:/home/ec2-user/.m2/repository/org/springframework/spring-beans/6.0.14/spring-beans-6.0.14.jar:/home/ec2-user/.m2/repository/jakarta/annotation/jakarta.annotation-api/2.1.1/jakarta.annotation-api-2.1.1.jar:/home/ec2-user/.m2/repository/org/springframework/spring-aspects/6.0.14/spring-aspects-6.0.14.jar:/home/ec2-user/.m2/repository/org/springframework/boot/spring-boot-starter-web/3.1.6/spring-boot-starter-web-3.1.6.jar:/home/ec2-user/.m2/repository/org/springframework/boot/spring-boot-starter/3.1.6/spring-boot-starter-3.1.6.jar:/home/ec2-user/.m2/repository/org/springframework/boot/spring-boot-starter-logging/3.1.6/spring-boot-starter-logging-3.1.6.jar:/home/ec2-user/.m2/repository/ch/qos/logback/logback-classic/1.4.11/logback-classic-1.4.11.jar:/home/ec2-user/.m2/repository/ch/qos/logback/logback-core/1.4.11/logback-core-1.4.11.jar:/home/ec2-user/.m2/repository/org/apache/logging/log4j/log4j-to-slf4j/2.20.0/log4j-to-slf4j-2.20.0.jar:/home/ec2-user/.m2/repository/org/apache/logging/log4j/log4j-api/2.20.0/log4j-api-2.20.0.jar:/home/ec2-user/.m2/repository/org/slf4j/jul-to-slf4j/2.0.9/jul-to-slf4j-2.0.9.jar:/home/ec2-user/.m2/repository/org/yaml/snakeyaml/1.33/snakeyaml-1.33.jar:/home/ec2-user/.m2/repository/org/springframework/boot/spring-boot-starter-json/3.1.6/spring-boot-starter-json-3.1.6.jar:/home/ec2-user/.m2/repository/com/fasterxml/jackson/core/jackson-databind/2.15.3/jackson-databind-2.15.3.jar:/home/ec2-user/.m2/repository/com/fasterxml/jackson/core/jackson-annotations/2.15.3/jackson-annotations-2.15.3.jar:/home/ec2-user/.m2/repository/com/fasterxml/jackson/core/jackson-core/2.15.3/jackson-core-2.15.3.jar:/home/ec2-user/.m2/repository/com/fasterxml/jackson/datatype/jackson-datatype-jdk8/2.15.3/jackson-datatype-jdk8-2.15.3.jar:/home/ec2-user/.m2/repository/com/fasterxml/jackson/datatype/jackson-datatype-jsr310/2.15.3/jackson-datatype-jsr310-2.15.3.jar:/home/ec2-user/.m2/repository/com/fasterxml/jackson/module/jackson-module-parameter-names/2.15.3/jackson-module-parameter-names-2.15.3.jar:/home/ec2-user/.m2/repository/org/springframework/boot/spring-boot-starter-tomcat/3.1.6/spring-boot-starter-tomcat-3.1.6.jar:/home/ec2-user/.m2/repository/org/apache/tomcat/embed/tomcat-embed-core/10.1.16/tomcat-embed-core-10.1.16.jar:/home/ec2-user/.m2/repository/org/apache/tomcat/embed/tomcat-embed-el/10.1.16/tomcat-embed-el-10.1.16.jar:/home/ec2-user/.m2/repository/org/apache/tomcat/embed/tomcat-embed-websocket/10.1.16/tomcat-embed-websocket-10.1.16.jar:/home/ec2-user/.m2/repository/org/springframework/spring-web/6.0.14/spring-web-6.0.14.jar:/home/ec2-user/.m2/repository/io/micrometer/micrometer-observation/1.11.6/micrometer-observation-1.11.6.jar:/home/ec2-user/.m2/repository/io/micrometer/micrometer-commons/1.11.6/micrometer-commons-1.11.6.jar:/home/ec2-user/.m2/repository/org/springframework/spring-webmvc/6.0.14/spring-webmvc-6.0.14.jar:/home/ec2-user/.m2/repository/org/springframework/spring-expression/6.0.14/spring-expression-6.0.14.jar:/home/ec2-user/.m2/repository/org/springframework/boot/spring-boot-devtools/3.1.6/spring-boot-devtools-3.1.6.jar:/home/ec2-user/.m2/repository/org/springframework/boot/spring-boot/3.1.6/spring-boot-3.1.6.jar:/home/ec2-user/.m2/repository/org/springframework/boot/spring-boot-autoconfigure/3.1.6/spring-boot-autoconfigure-3.1.6.jar:/home/ec2-user/.m2/repository/mysql/mysql-connector-java/8.0.23/mysql-connector-java-8.0.23.jar:/home/ec2-user/.m2/repository/com/google/protobuf/protobuf-java/3.11.4/protobuf-java-3.11.4.jar:/home/ec2-user/.m2/repository/org/projectlombok/lombok/1.18.30/lombok-1.18.30.jar:/home/ec2-user/.m2/repository/org/springframework/boot/spring-boot-starter-test/3.1.6/spring-boot-starter-test-3.1.6.jar:/home/ec2-user/.m2/repository/org/springframework/boot/spring-boot-test/3.1.6/spring-boot-test-3.1.6.jar:/home/ec2-user/.m2/repository/org/springframework/boot/spring-boot-test-autoconfigure/3.1.6/spring-boot-test-autoconfigure-3.1.6.jar:/home/ec2-user/.m2/repository/com/jayway/jsonpath/json-path/2.8.0/json-path-2.8.0.jar:/home/ec2-user/.m2/repository/jakarta/xml/bind/jakarta.xml.bind-api/4.0.1/jakarta.xml.bind-api-4.0.1.jar:/home/ec2-user/.m2/repository/jakarta/activation/jakarta.activation-api/2.1.2/jakarta.activation-api-2.1.2.jar:/home/ec2-user/.m2/repository/net/minidev/json-smart/2.4.11/json-smart-2.4.11.jar:/home/ec2-user/.m2/repository/net/minidev/accessors-smart/2.4.11/accessors-smart-2.4.11.jar:/home/ec2-user/.m2/repository/org/ow2/asm/asm/9.3/asm-9.3.jar:/home/ec2-user/.m2/repository/org/assertj/assertj-core/3.24.2/assertj-core-3.24.2.jar:/home/ec2-user/.m2/repository/org/hamcrest/hamcrest/2.2/hamcrest-2.2.jar:/home/ec2-user/.m2/repository/org/junit/jupiter/junit-jupiter/5.9.3/junit-jupiter-5.9.3.jar:/home/ec2-user/.m2/repository/org/junit/jupiter/junit-jupiter-api/5.9.3/junit-jupiter-api-5.9.3.jar:/home/ec2-user/.m2/repository/org/opentest4j/opentest4j/1.2.0/opentest4j-1.2.0.jar:/home/ec2-user/.m2/repository/org/junit/platform/junit-platform-commons/1.9.3/junit-platform-commons-1.9.3.jar:/home/ec2-user/.m2/repository/org/apiguardian/apiguardian-api/1.1.2/apiguardian-api-1.1.2.jar:/home/ec2-user/.m2/repository/org/junit/jupiter/junit-jupiter-params/5.9.3/junit-jupiter-params-5.9.3.jar:/home/ec2-user/.m2/repository/org/junit/jupiter/junit-jupiter-engine/5.9.3/junit-jupiter-engine-5.9.3.jar:/home/ec2-user/.m2/repository/org/junit/platform/junit-platform-engine/1.9.3/junit-platform-engine-1.9.3.jar:/home/ec2-user/.m2/repository/org/mockito/mockito-core/5.3.1/mockito-core-5.3.1.jar:/home/ec2-user/.m2/repository/net/bytebuddy/byte-buddy-agent/1.14.10/byte-buddy-agent-1.14.10.jar:/home/ec2-user/.m2/repository/org/objenesis/objenesis/3.3/objenesis-3.3.jar:/home/ec2-user/.m2/repository/org/mockito/mockito-junit-jupiter/5.3.1/mockito-junit-jupiter-5.3.1.jar:/home/ec2-user/.m2/repository/org/skyscreamer/jsonassert/1.5.1/jsonassert-1.5.1.jar:/home/ec2-user/.m2/repository/com/vaadin/external/google/android-json/0.0.20131108.vaadin1/android-json-0.0.20131108.vaadin1.jar:/home/ec2-user/.m2/repository/org/springframework/spring-core/6.0.14/spring-core-6.0.14.jar:/home/ec2-user/.m2/repository/org/springframework/spring-jcl/6.0.14/spring-jcl-6.0.14.jar:/home/ec2-user/.m2/repository/org/springframework/spring-test/6.0.14/spring-test-6.0.14.jar:/home/ec2-user/.m2/repository/org/xmlunit/xmlunit-core/2.9.1/xmlunit-core-2.9.1.jar:"/>
    <property name="sun.cpu.endian" value="little"/>
    <property name="user.home" value="/home/ec2-user"/>
    <property name="user.language" value="en"/>
    <property name="java.specification.vendor" value="Oracle Corporation"/>
    <property name="java.version.date" value="2024-01-16"/>
    <property name="java.home" value="/usr/lib/jvm/java-17-amazon-corretto.x86_64"/>
    <property name="file.separator" value="/"/>
    <property name="basedir" value="/home/ec2-user/02-MINI-PROJECT"/>
    <property name="java.vm.compressedOopsMode" value="32-bit"/>
    <property name="line.separator" value="&#10;"/>
    <property name="java.specification.name" value="Java Platform API Specification"/>
    <property name="java.vm.specification.vendor" value="Oracle Corporation"/>
    <property name="FILE_LOG_CHARSET" value="UTF-8"/>
    <property name="java.awt.headless" value="true"/>
    <property name="surefire.real.class.path" value="/home/ec2-user/02-MINI-PROJECT/target/surefire/surefirebooter-20240221062416209_3.jar"/>
    <property name="sun.management.compiler" value="HotSpot 64-Bit Tiered Compilers"/>
    <property name="java.runtime.version" value="17.0.10+7-LTS"/>
    <property name="user.name" value="ec2-user"/>
    <property name="path.separator" value=":"/>
    <property name="os.version" value="6.1.75-99.163.amzn2023.x86_64"/>
    <property name="java.runtime.name" value="OpenJDK Runtime Environment"/>
    <property name="file.encoding" value="UTF-8"/>
    <property name="java.vm.name" value="OpenJDK 64-Bit Server VM"/>
    <property name="java.vendor.version" value="Corretto-17.0.10.7.1"/>
    <property name="localRepository" value="/home/ec2-user/.m2/repository"/>
    <property name="java.vendor.url.bug" value="https://github.com/corretto/corretto-17/issues/"/>
    <property name="java.io.tmpdir" value="/tmp"/>
    <property name="com.zaxxer.hikari.pool_number" value="1"/>
    <property name="java.version" value="17.0.10"/>
    <property name="user.dir" value="/home/ec2-user/02-MINI-PROJECT"/>
    <property name="os.arch" value="amd64"/>
    <property name="java.vm.specification.name" value="Java Virtual Machine Specification"/>
    <property name="PID" value="37781"/>
    <property name="CONSOLE_LOG_CHARSET" value="UTF-8"/>
    <property name="native.encoding" value="UTF-8"/>
    <property name="java.library.path" value="/usr/java/packages/lib:/usr/lib64:/lib64:/lib:/usr/lib"/>
    <property name="java.vm.info" value="mixed mode, sharing"/>
    <property name="java.vendor" value="Amazon.com Inc."/>
    <property name="java.vm.version" value="17.0.10+7-LTS"/>
    <property name="sun.io.unicode.encoding" value="UnicodeLittle"/>
    <property name="java.class.version" value="61.0"/>
  </properties>
  <testcase name="contextLoads" classname="com.mohanit.ApplicationTests" time="0.018">
    <system-out><![CDATA[2024-02-21T06:24:23.344Z  INFO 37781 --- [           main] t.c.s.AnnotationConfigContextLoaderUtils : Could not detect default configuration classes for test class [com.mohanit.ApplicationTests]: ApplicationTests does not declare any static, non-private, non-final, nested classes annotated with @Configuration.
2024-02-21T06:24:23.582Z  INFO 37781 --- [           main] .b.t.c.SpringBootTestContextBootstrapper : Found @SpringBootConfiguration com.mohanit.Application for test class com.mohanit.ApplicationTests
2024-02-21T06:24:23.591Z  INFO 37781 --- [           main] o.s.b.d.r.RestartApplicationListener     : Restart disabled due to context in which it is running

  .   ____          _            __ _ _
 /\\ / ___'_ __ _ _(_)_ __  __ _ \ \ \ \
( ( )\___ | '_ | '_| | '_ \/ _` | \ \ \ \
 \\/  ___)| |_)| | | | | || (_| |  ) ) ) )
  '  |____| .__|_| |_|_| |_\__, | / / / /
 =========|_|==============|___/=/_/_/_/
 :: Spring Boot ::                (v3.1.6)

2024-02-21T06:24:23.743Z  INFO 37781 --- [           main] com.mohanit.ApplicationTests             : Starting ApplicationTests using Java 17.0.10 with PID 37781 (started by ec2-user in /home/ec2-user/02-MINI-PROJECT)
2024-02-21T06:24:23.744Z  INFO 37781 --- [           main] com.mohanit.ApplicationTests             : No active profile set, falling back to 1 default profile: "default"
2024-02-21T06:24:26.131Z  INFO 37781 --- [           main] .s.d.r.c.RepositoryConfigurationDelegate : Bootstrapping Spring Data JPA repositories in DEFAULT mode.
2024-02-21T06:24:26.283Z  INFO 37781 --- [           main] .s.d.r.c.RepositoryConfigurationDelegate : Finished Spring Data repository scanning in 119 ms. Found 1 JPA repository interface.
2024-02-21T06:24:27.719Z  INFO 37781 --- [           main] o.hibernate.jpa.internal.util.LogHelper  : HHH000204: Processing PersistenceUnitInfo [name: default]
2024-02-21T06:24:28.004Z  INFO 37781 --- [           main] org.hibernate.Version                    : HHH000412: Hibernate ORM core version 6.2.13.Final
2024-02-21T06:24:28.015Z  INFO 37781 --- [           main] org.hibernate.cfg.Environment            : HHH000406: Using bytecode reflection optimizer
2024-02-21T06:24:28.533Z  INFO 37781 --- [           main] o.s.o.j.p.SpringPersistenceUnitInfo      : No LoadTimeWeaver setup: ignoring JPA class transformer
2024-02-21T06:24:28.621Z  INFO 37781 --- [           main] com.zaxxer.hikari.HikariDataSource       : HikariPool-1 - Starting...
2024-02-21T06:24:28.631Z  WARN 37781 --- [           main] c.zaxxer.hikari.util.DriverDataSource    : Registered driver with driverClassName=com.mysql.jdbc.Driver was not found, trying direct instantiation.
2024-02-21T06:24:29.234Z  INFO 37781 --- [           main] com.zaxxer.hikari.pool.HikariPool        : HikariPool-1 - Added connection com.mysql.cj.jdbc.ConnectionImpl@1d9f9c9d
2024-02-21T06:24:29.239Z  INFO 37781 --- [           main] com.zaxxer.hikari.HikariDataSource       : HikariPool-1 - Start completed.
2024-02-21T06:24:29.509Z  WARN 37781 --- [           main] org.hibernate.dialect.Dialect            : HHH000511: The 5.5.0 version for [org.hibernate.dialect.MySQLDialect] is no longer supported, hence certain features may not work properly. The minimum supported version is 5.7.0. Check the community dialects project for available legacy versions.
2024-02-21T06:24:31.101Z  INFO 37781 --- [           main] o.h.e.t.j.p.i.JtaPlatformInitiator       : HHH000489: No JTA platform available (set 'hibernate.transaction.jta.platform' to enable JTA platform integration)
2024-02-21T06:24:31.185Z  INFO 37781 --- [           main] j.LocalContainerEntityManagerFactoryBean : Initialized JPA EntityManagerFactory for persistence unit 'default'
2024-02-21T06:24:31.725Z  INFO 37781 --- [           main] o.s.d.j.r.query.QueryEnhancerFactory     : Hibernate is in classpath; If applicable, HQL parser will be used.
2024-02-21T06:24:33.034Z  WARN 37781 --- [           main] JpaBaseConfiguration$JpaWebConfiguration : spring.jpa.open-in-view is enabled by default. Therefore, database queries may be performed during view rendering. Explicitly configure spring.jpa.open-in-view to disable this warning
2024-02-21T06:24:35.382Z  INFO 37781 --- [           main] com.mohanit.ApplicationTests             : Started ApplicationTests in 11.79 seconds (process running for 19.092)
Hibernate: select r1_0.sno,r1_0.created_by,r1_0.created_date,r1_0.email,r1_0.end_date,r1_0.gender,r1_0.mobile_number,r1_0.name,r1_0.plan_name,r1_0.plan_status,r1_0.ssn,r1_0.start_date,r1_0.updated_by,r1_0.updated_date from eligibility_details r1_0 where r1_0.sno=?
Hibernate: update eligibility_details set created_by=?,created_date=?,email=?,end_date=?,gender=?,mobile_number=?,name=?,plan_name=?,plan_status=?,ssn=?,start_date=?,updated_by=?,updated_date=? where sno=?
Hibernate: select r1_0.sno,r1_0.created_by,r1_0.created_date,r1_0.email,r1_0.end_date,r1_0.gender,r1_0.mobile_number,r1_0.name,r1_0.plan_name,r1_0.plan_status,r1_0.ssn,r1_0.start_date,r1_0.updated_by,r1_0.updated_date from eligibility_details r1_0 where r1_0.sno=?
Hibernate: update eligibility_details set created_by=?,created_date=?,email=?,end_date=?,gender=?,mobile_number=?,name=?,plan_name=?,plan_status=?,ssn=?,start_date=?,updated_by=?,updated_date=? where sno=?
Hibernate: select r1_0.sno,r1_0.created_by,r1_0.created_date,r1_0.email,r1_0.end_date,r1_0.gender,r1_0.mobile_number,r1_0.name,r1_0.plan_name,r1_0.plan_status,r1_0.ssn,r1_0.start_date,r1_0.updated_by,r1_0.updated_date from eligibility_details r1_0 where r1_0.sno=?
Hibernate: update eligibility_details set created_by=?,created_date=?,email=?,end_date=?,gender=?,mobile_number=?,name=?,plan_name=?,plan_status=?,ssn=?,start_date=?,updated_by=?,updated_date=? where sno=?
Hibernate: select r1_0.sno,r1_0.created_by,r1_0.created_date,r1_0.email,r1_0.end_date,r1_0.gender,r1_0.mobile_number,r1_0.name,r1_0.plan_name,r1_0.plan_status,r1_0.ssn,r1_0.start_date,r1_0.updated_by,r1_0.updated_date from eligibility_details r1_0 where r1_0.sno=?
Hibernate: update eligibility_details set created_by=?,created_date=?,email=?,end_date=?,gender=?,mobile_number=?,name=?,plan_name=?,plan_status=?,ssn=?,start_date=?,updated_by=?,updated_date=? where sno=?
Hibernate: select r1_0.sno,r1_0.created_by,r1_0.created_date,r1_0.email,r1_0.end_date,r1_0.gender,r1_0.mobile_number,r1_0.name,r1_0.plan_name,r1_0.plan_status,r1_0.ssn,r1_0.start_date,r1_0.updated_by,r1_0.updated_date from eligibility_details r1_0 where r1_0.sno=?
Hibernate: update eligibility_details set created_by=?,created_date=?,email=?,end_date=?,gender=?,mobile_number=?,name=?,plan_name=?,plan_status=?,ssn=?,start_date=?,updated_by=?,updated_date=? where sno=?
Hibernate: select r1_0.sno,r1_0.created_by,r1_0.created_date,r1_0.email,r1_0.end_date,r1_0.gender,r1_0.mobile_number,r1_0.name,r1_0.plan_name,r1_0.plan_status,r1_0.ssn,r1_0.start_date,r1_0.updated_by,r1_0.updated_date from eligibility_details r1_0 where r1_0.sno=?
Hibernate: update eligibility_details set created_by=?,created_date=?,email=?,end_date=?,gender=?,mobile_number=?,name=?,plan_name=?,plan_status=?,ssn=?,start_date=?,updated_by=?,updated_date=? where sno=?
Hibernate: select r1_0.sno,r1_0.created_by,r1_0.created_date,r1_0.email,r1_0.end_date,r1_0.gender,r1_0.mobile_number,r1_0.name,r1_0.plan_name,r1_0.plan_status,r1_0.ssn,r1_0.start_date,r1_0.updated_by,r1_0.updated_date from eligibility_details r1_0 where r1_0.sno=?
Hibernate: update eligibility_details set created_by=?,created_date=?,email=?,end_date=?,gender=?,mobile_number=?,name=?,plan_name=?,plan_status=?,ssn=?,start_date=?,updated_by=?,updated_date=? where sno=?
]]></system-out>
    <system-err><![CDATA[Loading class `com.mysql.jdbc.Driver'. This is deprecated. The new driver class is `com.mysql.cj.jdbc.Driver'. The driver is automatically registered via the SPI and manual loading of the driver class is generally unnecessary.
]]></system-err>
  </testcase>
</testsuite>